#
# A fatal error has been detected by the Java Runtime Environment:
#
#  EXCEPTION_ACCESS_VIOLATION (0xc0000005) at pc=0x000000006808f88d, pid=16820, tid=0x0000000000003c14
#
# JRE version: OpenJDK Runtime Environment (8.0_242-b01) (build 1.8.0_242-release-1644-b01)
# Java VM: OpenJDK 64-Bit Server VM (25.242-b01 mixed mode windows-amd64 compressed oops)
# Problematic frame:
# V  [jvm.dll+0x44f88d]
#
# Failed to write core dump. Minidumps are not enabled by default on client versions of Windows
#
# If you would like to submit a bug report, please visit:
#   
#

---------------  T H R E A D  ---------------

Current thread (0x000000001721e800):  JavaThread "C2 CompilerThread1" daemon [_thread_in_native, id=15380, stack(0x0000000019970000,0x0000000019a70000)]

siginfo: ExceptionCode=0xc0000005, reading address 0x00000000caac26f0

Registers:
RAX=0x000000001e9d1290, RBX=0x0000000022868d20, RCX=0x000000010005ad28, RDX=0x000000000000000f
RSP=0x0000000019a6ced0, RBP=0x0000000000000000, RSI=0x0000000019a6e900, RDI=0x000000001e9d1290
R8 =0x00000000683eb398, R9 =0x0000000026b1d4f0, R10=0x0000000026b1d4a0, R11=0x0000000026b1d4a0
R12=0x0000000026b1d4a0, R13=0x0000000000000000, R14=0x0000000067c40000, R15=0x00000000fffffffc
RIP=0x000000006808f88d, EFLAGS=0x0000000000010246

Top of Stack: (sp=0x0000000019a6ced0)
0x0000000019a6ced0:   0000000022868d20 0000000019a6e900
0x0000000019a6cee0:   0000000026b1d4a0 000000001e9ce9f0
0x0000000019a6cef0:   0000000019a6cf80 0000000019a6cf20
0x0000000019a6cf00:   0000000000000000 000000010005ad28
0x0000000019a6cf10:   0000000019a6cfc0 000000010005ad00
0x0000000019a6cf20:   ffffffff17000000 0000000000000001
0x0000000019a6cf30:   0000000026b1d4a0 0000165bfffffffc
0x0000000019a6cf40:   0000000019a6e900 00000001ffffffff
0x0000000019a6cf50:   0000000000000000 00000000228682f0
0x0000000019a6cf60:   0000000000000000 0000000000000000
0x0000000019a6cf70:   0000000016b54cd8 0000000019a6f480
0x0000000019a6cf80:   0000000000000000 0000000000000000
0x0000000019a6cf90:   0000000000000000 0000000000000000
0x0000000019a6cfa0:   0000000000000000 0000000000000000
0x0000000019a6cfb0:   0000000100000001 0000165b0000165b
0x0000000019a6cfc0:   0000000016b54cd8 0000000000000000 

Instructions: (pc=0x000000006808f88d)
0x000000006808f86d:   00 00 75 04 33 c0 eb 05 b8 01 00 00 00 0f b6 d0
0x000000006808f87d:   48 8b cb e8 cb b9 fd ff 0f 28 b4 24 50 01 00 00
0x000000006808f88d:   48 8b 4d 30 48 33 cc e8 d7 a4 15 00 0f 28 bc 24
0x000000006808f89d:   40 01 00 00 48 81 c4 68 01 00 00 5f 5e 5b 5d c3 


Register to memory mapping:

RAX=0x000000001e9d1290 is an unknown value
RBX=0x0000000022868d20 is an unknown value
RCX=0x000000010005ad28 is pointing into metadata
RDX=0x000000000000000f is an unknown value
RSP=0x0000000019a6ced0 is pointing into the stack for thread: 0x000000001721e800
RBP=0x0000000000000000 is an unknown value
RSI=0x0000000019a6e900 is pointing into the stack for thread: 0x000000001721e800
RDI=0x000000001e9d1290 is an unknown value
R8 =0x00000000683eb398 is an unknown value
R9 =0x0000000026b1d4f0 is an unknown value
R10=0x0000000026b1d4a0 is an unknown value
R11=0x0000000026b1d4a0 is an unknown value
R12=0x0000000026b1d4a0 is an unknown value
R13=0x0000000000000000 is an unknown value
R14=0x0000000067c40000 is an unknown value
R15=0x00000000fffffffc is an unallocated location in the heap


Stack: [0x0000000019970000,0x0000000019a70000],  sp=0x0000000019a6ced0,  free space=1011k
Native frames: (J=compiled Java code, j=interpreted, Vv=VM code, C=native code)


Current CompileTask:
C2: 886086 19411       4       org.gradle.api.internal.artifacts.ivyservice.resolveengine.graph.builder.DependencyGraphBuilder::resolveEdges (43 bytes)


---------------  P R O C E S S  ---------------

Java Threads: ( => current thread )
  0x0000000020a1e000 JavaThread "Execution worker for ':' Thread 7" [_thread_in_native, id=4916, stack(0x0000000027360000,0x0000000027460000)]
  0x0000000020a1d800 JavaThread "Execution worker for ':' Thread 6" [_thread_in_Java, id=11996, stack(0x0000000027010000,0x0000000027110000)]
  0x0000000020a12000 JavaThread "Execution worker for ':' Thread 5" [_thread_blocked, id=6840, stack(0x0000000026f10000,0x0000000027010000)]
  0x0000000020a19000 JavaThread "Execution worker for ':' Thread 4" [_thread_blocked, id=19936, stack(0x0000000025a40000,0x0000000025b40000)]
  0x0000000020a11800 JavaThread "Execution worker for ':' Thread 3" [_thread_in_Java, id=15024, stack(0x0000000025940000,0x0000000025a40000)]
  0x0000000020a18000 JavaThread "Execution worker for ':' Thread 2" [_thread_in_native, id=19528, stack(0x00000000251a0000,0x00000000252a0000)]
  0x0000000020a10800 JavaThread "Execution worker for ':'" [_thread_in_native, id=5572, stack(0x0000000024ba0000,0x0000000024ca0000)]
  0x0000000020a16800 JavaThread "Cache worker for file content cache (D:\sources\android\slideSQ\.gradle\6.1.1\fileContent)" [_thread_blocked, id=10856, stack(0x0000000023980000,0x0000000023a80000)]
  0x0000000020a15000 JavaThread "Cache worker for Build Output Cleanup Cache (D:\sources\android\slideSQ\.gradle\buildOutputCleanup)" [_thread_blocked, id=14792, stack(0x0000000023880000,0x0000000023980000)]
  0x0000000020a17800 JavaThread "Build operations Thread 8" [_thread_blocked, id=20964, stack(0x0000000023780000,0x0000000023880000)]
  0x0000000020a14800 JavaThread "Build operations Thread 7" [_thread_blocked, id=2996, stack(0x0000000023680000,0x0000000023780000)]
  0x0000000020a13800 JavaThread "Build operations Thread 6" [_thread_blocked, id=11008, stack(0x0000000023580000,0x0000000023680000)]
  0x0000000020a16000 JavaThread "Build operations Thread 5" [_thread_blocked, id=20804, stack(0x0000000023480000,0x0000000023580000)]
  0x0000000020a13000 JavaThread "Build operations Thread 4" [_thread_blocked, id=12160, stack(0x0000000023380000,0x0000000023480000)]
  0x000000001a984000 JavaThread "Build operations Thread 3" [_thread_blocked, id=19864, stack(0x0000000023280000,0x0000000023380000)]
  0x000000001a983800 JavaThread "Build operations Thread 2" [_thread_blocked, id=14640, stack(0x00000000214b0000,0x00000000215b0000)]
  0x000000001a982000 JavaThread "Build operations" [_thread_blocked, id=11488, stack(0x00000000210e0000,0x00000000211e0000)]
  0x000000001a981000 JavaThread "Cache worker for cache directory md-rule (C:\Users\Youngho Lee\.gradle\caches\6.1.1\md-rule)" [_thread_blocked, id=5660, stack(0x0000000020fe0000,0x00000000210e0000)]
  0x000000001a97e000 JavaThread "Cache worker for cache directory md-supplier (C:\Users\Youngho Lee\.gradle\caches\6.1.1\md-supplier)" [_thread_blocked, id=19244, stack(0x000000001feb0000,0x000000001ffb0000)]
  0x000000001a980800 JavaThread "Cache worker for file hash cache (D:\sources\android\slideSQ\.gradle\6.1.1\fileHashes)" [_thread_blocked, id=2880, stack(0x000000001fdb0000,0x000000001feb0000)]
  0x000000001a976800 JavaThread "Cache worker for checksums cache (D:\sources\android\slideSQ\.gradle\checksums)" [_thread_blocked, id=7508, stack(0x000000001d410000,0x000000001d510000)]
  0x000000001a978000 JavaThread "Thread-368" [_thread_blocked, id=16592, stack(0x000000001d110000,0x000000001d210000)]
  0x000000001a976000 JavaThread "Stdin handler" [_thread_blocked, id=20856, stack(0x000000001d010000,0x000000001d110000)]
  0x000000001a979800 JavaThread "Asynchronous log dispatcher for DefaultDaemonConnection: socket connection from /127.0.0.1:49546 to /127.0.0.1:49992" [_thread_in_native, id=19708, stack(0x000000001cf10000,0x000000001d010000)]
  0x000000001a97a800 JavaThread "Daemon worker Thread 8" [_thread_in_native, id=10408, stack(0x000000001cc10000,0x000000001cd10000)]
  0x000000001a97c800 JavaThread "Cancel handler" [_thread_blocked, id=15328, stack(0x00000000014a0000,0x00000000015a0000)]
  0x000000001a977800 JavaThread "Handler for socket connection from /127.0.0.1:49546 to /127.0.0.1:49992" [_thread_in_native, id=18920, stack(0x00000000013a0000,0x00000000014a0000)]
  0x000000001a97c000 JavaThread "Daemon Thread 8" [_thread_blocked, id=21224, stack(0x00000000012a0000,0x00000000013a0000)]
  0x000000001e42d800 JavaThread "Cache worker for Java compile cache (C:\Users\Youngho Lee\.gradle\caches\6.1.1\javaCompile)" [_thread_blocked, id=2368, stack(0x0000000028f60000,0x0000000029060000)]
  0x000000001c583800 JavaThread "Cache worker for file content cache (C:\Users\Youngho Lee\.gradle\caches\6.1.1\fileContent)" [_thread_blocked, id=19204, stack(0x0000000024aa0000,0x0000000024ba0000)]
  0x000000001c57c000 JavaThread "Memory manager" [_thread_blocked, id=20924, stack(0x0000000024380000,0x0000000024480000)]
  0x000000001be39000 JavaThread "Cache worker for execution history cache (C:\Users\Youngho Lee\.gradle\caches\6.1.1\executionHistory)" [_thread_blocked, id=11048, stack(0x00000000215b0000,0x00000000216b0000)]
  0x000000001be38800 JavaThread "Cache worker for file hash cache (C:\Users\Youngho Lee\.gradle\caches\6.1.1\fileHashes)" [_thread_blocked, id=15580, stack(0x000000001d910000,0x000000001da10000)]
  0x000000001be34000 JavaThread "File lock request listener" [_thread_in_native, id=21480, stack(0x000000001d810000,0x000000001d910000)]
  0x000000001bf5e800 JavaThread "Cache worker for journal cache (C:\Users\Youngho Lee\.gradle\caches\journal-1)" [_thread_in_native, id=20420, stack(0x000000001d710000,0x000000001d810000)]
  0x000000001bed3000 JavaThread "Daemon periodic checks" [_thread_blocked, id=17232, stack(0x000000001cb10000,0x000000001cc10000)]
  0x000000001c034800 JavaThread "Incoming local TCP Connector on port 49546" [_thread_in_native, id=5228, stack(0x000000001c930000,0x000000001ca30000)]
  0x000000001aff5000 JavaThread "Daemon health stats" [_thread_blocked, id=16736, stack(0x000000001b640000,0x000000001b740000)]
  0x0000000019112000 JavaThread "Service Thread" daemon [_thread_blocked, id=10184, stack(0x0000000019c70000,0x0000000019d70000)]
  0x0000000019086000 JavaThread "C1 CompilerThread3" daemon [_thread_blocked, id=17660, stack(0x0000000019b70000,0x0000000019c70000)]
  0x0000000019082000 JavaThread "C2 CompilerThread2" daemon [_thread_in_native, id=19688, stack(0x0000000019a70000,0x0000000019b70000)]
=>0x000000001721e800 JavaThread "C2 CompilerThread1" daemon [_thread_in_native, id=15380, stack(0x0000000019970000,0x0000000019a70000)]
  0x000000001721a000 JavaThread "C2 CompilerThread0" daemon [_thread_in_native, id=14500, stack(0x0000000019870000,0x0000000019970000)]
  0x000000001906f800 JavaThread "Attach Listener" daemon [_thread_blocked, id=11876, stack(0x0000000019770000,0x0000000019870000)]
  0x000000001901b800 JavaThread "Signal Dispatcher" daemon [_thread_blocked, id=16892, stack(0x0000000019670000,0x0000000019770000)]
  0x0000000019001800 JavaThread "Finalizer" daemon [_thread_blocked, id=20792, stack(0x00000000194e0000,0x00000000195e0000)]
  0x0000000019000800 JavaThread "Reference Handler" daemon [_thread_blocked, id=5468, stack(0x00000000193e0000,0x00000000194e0000)]
  0x000000000167e000 JavaThread "main" [_thread_blocked, id=260, stack(0x0000000002e90000,0x0000000002f90000)]

Other Threads:
  0x0000000017208000 VMThread [stack: 0x0000000018ee0000,0x0000000018fe0000] [id=14116]
  0x00000000190dc000 WatcherThread [stack: 0x0000000019d70000,0x0000000019e70000] [id=544]

VM state:not at safepoint (normal execution)

VM Mutex/Monitor currently owned by a thread: None

heap address: 0x00000000a0000000, size: 1536 MB, Compressed Oops mode: 32-bit
Narrow klass base: 0x0000000000000000, Narrow klass shift: 3
Compressed class space size: 1073741824 Address: 0x0000000100000000

Heap:
 PSYoungGen      total 271360K, used 242763K [0x00000000e0000000, 0x00000000f2c80000, 0x0000000100000000)
  eden space 243200K, 96% used [0x00000000e0000000,0x00000000ee41b3a8,0x00000000eed80000)
  from space 28160K, 32% used [0x00000000f0800000,0x00000000f10fdc40,0x00000000f2380000)
  to   space 27136K, 0% used [0x00000000eed80000,0x00000000eed80000,0x00000000f0800000)
 ParOldGen       total 351744K, used 63088K [0x00000000a0000000, 0x00000000b5780000, 0x00000000e0000000)
  object space 351744K, 17% used [0x00000000a0000000,0x00000000a3d9c370,0x00000000b5780000)
 Metaspace       used 92060K, capacity 97486K, committed 99048K, reserved 1134592K
  class space    used 12078K, capacity 13046K, committed 13440K, reserved 1048576K

Card table byte_map: [0x0000000012810000,0x0000000012b20000] byte_map_base: 0x0000000012310000

Marking Bits: (ParMarkBitMap*) 0x000000006840f030
 Begin Bits: [0x0000000013520000, 0x0000000014d20000)
 End Bits:   [0x0000000014d20000, 0x0000000016520000)

Polling page: 0x00000000015e0000

CodeCache: size=245760Kb used=49245Kb max_used=49245Kb free=196515Kb
 bounds [0x0000000003450000, 0x00000000064b0000, 0x0000000012450000]
 total_blobs=16131 nmethods=15251 adapters=790
 compilation: enabled

Compilation events (10 events):
Event: 886.067 Thread 0x0000000019086000 19444       3       com.android.build.gradle.options.SyncOptions::getErrorFormatMode (18 bytes)
Event: 886.068 Thread 0x0000000019086000 nmethod 19444 0x000000000649df10 code [0x000000000649e0c0, 0x000000000649e868]
Event: 886.068 Thread 0x0000000019086000 19445       3       org.gradle.api.internal.artifacts.configurations.DefaultConfiguration$ConfigurationFileCollection::visitDependencies (83 bytes)
Event: 886.071 Thread 0x0000000019086000 nmethod 19445 0x000000000649eb10 code [0x000000000649ede0, 0x000000000649fe68]
Event: 886.071 Thread 0x0000000019086000 19446       3       org.gradle.api.internal.artifacts.configurations.DefaultConfiguration::access$2200 (5 bytes)
Event: 886.071 Thread 0x0000000019086000 nmethod 19446 0x00000000064a0b90 code [0x00000000064a0d00, 0x00000000064a0e68]
Event: 886.071 Thread 0x0000000019086000 19447       3       org.gradle.api.internal.tasks.FailureCollectingTaskDependencyResolveContext::<init> (32 bytes)
Event: 886.072 Thread 0x0000000019086000 nmethod 19447 0x00000000064a0f10 code [0x00000000064a1120, 0x00000000064a1a08]
Event: 886.072 Thread 0x0000000019086000 19448       3       org.gradle.api.internal.tasks.DefaultTaskInputs$4::call (41 bytes)
Event: 886.073 Thread 0x0000000019086000 nmethod 19448 0x00000000064a1fd0 code [0x00000000064a2160, 0x00000000064a2608]

GC Heap History (10 events):
Event: 544.939 GC heap before
{Heap before GC invocations=20 (full 3):
 PSYoungGen      total 247296K, used 247191K [0x00000000e0000000, 0x00000000f2a00000, 0x0000000100000000)
  eden space 240128K, 100% used [0x00000000e0000000,0x00000000eea80000,0x00000000eea80000)
  from space 7168K, 98% used [0x00000000f2300000,0x00000000f29e5e28,0x00000000f2a00000)
  to   space 24576K, 0% used [0x00000000efa00000,0x00000000efa00000,0x00000000f1200000)
 ParOldGen       total 221696K, used 61812K [0x00000000a0000000, 0x00000000ad880000, 0x00000000e0000000)
  object space 221696K, 27% used [0x00000000a0000000,0x00000000a3c5d128,0x00000000ad880000)
 Metaspace       used 82028K, capacity 86810K, committed 87000K, reserved 1124352K
  class space    used 10812K, capacity 11706K, committed 11776K, reserved 1048576K
Event: 544.951 GC heap after
Heap after GC invocations=20 (full 3):
 PSYoungGen      total 251392K, used 17409K [0x00000000e0000000, 0x00000000f2380000, 0x0000000100000000)
  eden space 233472K, 0% used [0x00000000e0000000,0x00000000e0000000,0x00000000ee400000)
  from space 17920K, 97% used [0x00000000efa00000,0x00000000f0b00470,0x00000000f0b80000)
  to   space 24576K, 0% used [0x00000000f0b80000,0x00000000f0b80000,0x00000000f2380000)
 ParOldGen       total 221696K, used 61820K [0x00000000a0000000, 0x00000000ad880000, 0x00000000e0000000)
  object space 221696K, 27% used [0x00000000a0000000,0x00000000a3c5f128,0x00000000ad880000)
 Metaspace       used 82028K, capacity 86810K, committed 87000K, reserved 1124352K
  class space    used 10812K, capacity 11706K, committed 11776K, reserved 1048576K
}
Event: 546.728 GC heap before
{Heap before GC invocations=21 (full 3):
 PSYoungGen      total 251392K, used 154854K [0x00000000e0000000, 0x00000000f2380000, 0x0000000100000000)
  eden space 233472K, 58% used [0x00000000e0000000,0x00000000e86395a0,0x00000000ee400000)
  from space 17920K, 97% used [0x00000000efa00000,0x00000000f0b00470,0x00000000f0b80000)
  to   space 24576K, 0% used [0x00000000f0b80000,0x00000000f0b80000,0x00000000f2380000)
 ParOldGen       total 221696K, used 61820K [0x00000000a0000000, 0x00000000ad880000, 0x00000000e0000000)
  object space 221696K, 27% used [0x00000000a0000000,0x00000000a3c5f128,0x00000000ad880000)
 Metaspace       used 91850K, capacity 98248K, committed 98280K, reserved 1134592K
  class space    used 12295K, capacity 13421K, committed 13440K, reserved 1048576K
Event: 546.749 GC heap after
Heap after GC invocations=21 (full 3):
 PSYoungGen      total 251904K, used 24570K [0x00000000e0000000, 0x00000000f2380000, 0x0000000100000000)
  eden space 227328K, 0% used [0x00000000e0000000,0x00000000e0000000,0x00000000ede00000)
  from space 24576K, 99% used [0x00000000f0b80000,0x00000000f237e9d8,0x00000000f2380000)
  to   space 28672K, 0% used [0x00000000eeb80000,0x00000000eeb80000,0x00000000f0780000)
 ParOldGen       total 221696K, used 61828K [0x00000000a0000000, 0x00000000ad880000, 0x00000000e0000000)
  object space 221696K, 27% used [0x00000000a0000000,0x00000000a3c61128,0x00000000ad880000)
 Metaspace       used 91850K, capacity 98248K, committed 98280K, reserved 1134592K
  class space    used 12295K, capacity 13421K, committed 13440K, reserved 1048576K
}
Event: 546.749 GC heap before
{Heap before GC invocations=22 (full 4):
 PSYoungGen      total 251904K, used 24570K [0x00000000e0000000, 0x00000000f2380000, 0x0000000100000000)
  eden space 227328K, 0% used [0x00000000e0000000,0x00000000e0000000,0x00000000ede00000)
  from space 24576K, 99% used [0x00000000f0b80000,0x00000000f237e9d8,0x00000000f2380000)
  to   space 28672K, 0% used [0x00000000eeb80000,0x00000000eeb80000,0x00000000f0780000)
 ParOldGen       total 221696K, used 61828K [0x00000000a0000000, 0x00000000ad880000, 0x00000000e0000000)
  object space 221696K, 27% used [0x00000000a0000000,0x00000000a3c61128,0x00000000ad880000)
 Metaspace       used 91850K, capacity 98248K, committed 98280K, reserved 1134592K
  class space    used 12295K, capacity 13421K, committed 13440K, reserved 1048576K
Event: 546.920 GC heap after
Heap after GC invocations=22 (full 4):
 PSYoungGen      total 251904K, used 0K [0x00000000e0000000, 0x00000000f2380000, 0x0000000100000000)
  eden space 227328K, 0% used [0x00000000e0000000,0x00000000e0000000,0x00000000ede00000)
  from space 24576K, 0% used [0x00000000f0b80000,0x00000000f0b80000,0x00000000f2380000)
  to   space 28672K, 0% used [0x00000000eeb80000,0x00000000eeb80000,0x00000000f0780000)
 ParOldGen       total 351744K, used 63072K [0x00000000a0000000, 0x00000000b5780000, 0x00000000e0000000)
  object space 351744K, 17% used [0x00000000a0000000,0x00000000a3d98370,0x00000000b5780000)
 Metaspace       used 90764K, capacity 95214K, committed 98280K, reserved 1134592K
  class space    used 11929K, capacity 12776K, committed 13440K, reserved 1048576K
}
Event: 641.544 GC heap before
{Heap before GC invocations=23 (full 4):
 PSYoungGen      total 251904K, used 227328K [0x00000000e0000000, 0x00000000f2380000, 0x0000000100000000)
  eden space 227328K, 100% used [0x00000000e0000000,0x00000000ede00000,0x00000000ede00000)
  from space 24576K, 0% used [0x00000000f0b80000,0x00000000f0b80000,0x00000000f2380000)
  to   space 28672K, 0% used [0x00000000eeb80000,0x00000000eeb80000,0x00000000f0780000)
 ParOldGen       total 351744K, used 63072K [0x00000000a0000000, 0x00000000b5780000, 0x00000000e0000000)
  object space 351744K, 17% used [0x00000000a0000000,0x00000000a3d98370,0x00000000b5780000)
 Metaspace       used 91695K, capacity 97202K, committed 98792K, reserved 1134592K
  class space    used 12075K, capacity 13042K, committed 13440K, reserved 1048576K
Event: 641.551 GC heap after
Heap after GC invocations=23 (full 4):
 PSYoungGen      total 269824K, used 7143K [0x00000000e0000000, 0x00000000f2380000, 0x0000000100000000)
  eden space 241152K, 0% used [0x00000000e0000000,0x00000000e0000000,0x00000000eeb80000)
  from space 28672K, 24% used [0x00000000eeb80000,0x00000000ef279c90,0x00000000f0780000)
  to   space 28160K, 0% used [0x00000000f0800000,0x00000000f0800000,0x00000000f2380000)
 ParOldGen       total 351744K, used 63080K [0x00000000a0000000, 0x00000000b5780000, 0x00000000e0000000)
  object space 351744K, 17% used [0x00000000a0000000,0x00000000a3d9a370,0x00000000b5780000)
 Metaspace       used 91695K, capacity 97202K, committed 98792K, reserved 1134592K
  class space    used 12075K, capacity 13042K, committed 13440K, reserved 1048576K
}
Event: 700.682 GC heap before
{Heap before GC invocations=24 (full 4):
 PSYoungGen      total 269824K, used 248295K [0x00000000e0000000, 0x00000000f2380000, 0x0000000100000000)
  eden space 241152K, 100% used [0x00000000e0000000,0x00000000eeb80000,0x00000000eeb80000)
  from space 28672K, 24% used [0x00000000eeb80000,0x00000000ef279c90,0x00000000f0780000)
  to   space 28160K, 0% used [0x00000000f0800000,0x00000000f0800000,0x00000000f2380000)
 ParOldGen       total 351744K, used 63080K [0x00000000a0000000, 0x00000000b5780000, 0x00000000e0000000)
  object space 351744K, 17% used [0x00000000a0000000,0x00000000a3d9a370,0x00000000b5780000)
 Metaspace       used 91861K, capacity 97290K, committed 98792K, reserved 1134592K
  class space    used 12078K, capacity 13046K, committed 13440K, reserved 1048576K
Event: 700.694 GC heap after
Heap after GC invocations=24 (full 4):
 PSYoungGen      total 271360K, used 9207K [0x00000000e0000000, 0x00000000f2c80000, 0x0000000100000000)
  eden space 243200K, 0% used [0x00000000e0000000,0x00000000e0000000,0x00000000eed80000)
  from space 28160K, 32% used [0x00000000f0800000,0x00000000f10fdc40,0x00000000f2380000)
  to   space 27136K, 0% used [0x00000000eed80000,0x00000000eed80000,0x00000000f0800000)
 ParOldGen       total 351744K, used 63088K [0x00000000a0000000, 0x00000000b5780000, 0x00000000e0000000)
  object space 351744K, 17% used [0x00000000a0000000,0x00000000a3d9c370,0x00000000b5780000)
 Metaspace       used 91861K, capacity 97290K, committed 98792K, reserved 1134592K
  class space    used 12078K, capacity 13046K, committed 13440K, reserved 1048576K
}

Deoptimization events (10 events):
Event: 580.151 Thread 0x000000001c57a000 Uncommon trap: reason=class_check action=maybe_recompile pc=0x0000000005c6ba84 method=java.util.stream.Sink$ChainedReference.<init>(Ljava/util/stream/Sink;)V @ 9
Event: 580.151 Thread 0x000000001c57a000 Uncommon trap: reason=class_check action=maybe_recompile pc=0x0000000005c6ba84 method=java.util.stream.Sink$ChainedReference.<init>(Ljava/util/stream/Sink;)V @ 9
Event: 581.747 Thread 0x000000001c57a000 Uncommon trap: reason=class_check action=maybe_recompile pc=0x0000000006054d20 method=java.util.Spliterators$ArraySpliterator.tryAdvance(Ljava/util/function/Consumer;)Z @ 49
Event: 643.930 Thread 0x0000000020a1e000 Uncommon trap: reason=unstable_if action=reinterpret pc=0x00000000044983d0 method=java.util.concurrent.locks.AbstractQueuedSynchronizer$ConditionObject.await()V @ 3
Event: 698.893 Thread 0x0000000020a15000 Uncommon trap: reason=unstable_if action=reinterpret pc=0x0000000003eb4cb0 method=java.util.concurrent.ConcurrentHashMap.putVal(Ljava/lang/Object;Ljava/lang/Object;Z)Ljava/lang/Object; @ 113
Event: 699.219 Thread 0x000000001c57a000 Uncommon trap: reason=null_check action=make_not_entrant pc=0x00000000062805dc method=com.android.ide.common.resources.configuration.FolderConfiguration.getVersionQualifier()Lcom/android/ide/common/resources/configuration/VersionQualifier; @ 7
Event: 701.257 Thread 0x000000001c57a000 Uncommon trap: reason=null_check action=make_not_entrant pc=0x00000000049de9e4 method=java.lang.ThreadLocal$ThreadLocalMap.getEntryAfterMiss(Ljava/lang/ThreadLocal;ILjava/lang/ThreadLocal$ThreadLocalMap$Entry;)Ljava/lang/ThreadLocal$ThreadLocalMap$Entry; 
Event: 701.257 Thread 0x000000001c57a000 Uncommon trap: reason=null_check action=make_not_entrant pc=0x0000000005268abc method=java.lang.ThreadLocal$ThreadLocalMap.getEntryAfterMiss(Ljava/lang/ThreadLocal;ILjava/lang/ThreadLocal$ThreadLocalMap$Entry;)Ljava/lang/ThreadLocal$ThreadLocalMap$Entry; 
Event: 701.257 Thread 0x000000001c57a000 Uncommon trap: reason=null_check action=make_not_entrant pc=0x0000000004064f34 method=java.lang.ThreadLocal$ThreadLocalMap.getEntryAfterMiss(Ljava/lang/ThreadLocal;ILjava/lang/ThreadLocal$ThreadLocalMap$Entry;)Ljava/lang/ThreadLocal$ThreadLocalMap$Entry; 
Event: 701.304 Thread 0x000000001c57a000 Uncommon trap: reason=null_check action=make_not_entrant pc=0x0000000005139358 method=java.lang.ThreadLocal$ThreadLocalMap.expungeStaleEntry(I)I @ 51

Classes redefined (0 events):
No events

Internal exceptions (10 events):
Event: 825.217 Thread 0x0000000020a16000 Exception <a 'sun/nio/fs/WindowsException'> (0x00000000ebe17688) thrown at [C:\src\AOSP-openjdk-git\hotspot\src\share\vm\prims\jni.cpp, line 710]
Event: 825.217 Thread 0x0000000020a16000 Exception <a 'sun/nio/fs/WindowsException'> (0x00000000ebe182b8) thrown at [C:\src\AOSP-openjdk-git\hotspot\src\share\vm\prims\jni.cpp, line 710]
Event: 825.217 Thread 0x0000000020a16000 Exception <a 'sun/nio/fs/WindowsException'> (0x00000000ebe18f88) thrown at [C:\src\AOSP-openjdk-git\hotspot\src\share\vm\prims\jni.cpp, line 710]
Event: 825.218 Thread 0x0000000020a16000 Exception <a 'sun/nio/fs/WindowsException'> (0x00000000ebe1eb60) thrown at [C:\src\AOSP-openjdk-git\hotspot\src\share\vm\prims\jni.cpp, line 710]
Event: 825.218 Thread 0x0000000020a16000 Exception <a 'sun/nio/fs/WindowsException'> (0x00000000ebe1f7d0) thrown at [C:\src\AOSP-openjdk-git\hotspot\src\share\vm\prims\jni.cpp, line 710]
Event: 825.218 Thread 0x0000000020a16000 Exception <a 'sun/nio/fs/WindowsException'> (0x00000000ebe204e0) thrown at [C:\src\AOSP-openjdk-git\hotspot\src\share\vm\prims\jni.cpp, line 710]
Event: 825.218 Thread 0x0000000020a16000 Exception <a 'sun/nio/fs/WindowsException'> (0x00000000ebe22230) thrown at [C:\src\AOSP-openjdk-git\hotspot\src\share\vm\prims\jni.cpp, line 710]
Event: 825.218 Thread 0x0000000020a16000 Exception <a 'sun/nio/fs/WindowsException'> (0x00000000ebe22eb0) thrown at [C:\src\AOSP-openjdk-git\hotspot\src\share\vm\prims\jni.cpp, line 710]
Event: 825.218 Thread 0x0000000020a16000 Exception <a 'sun/nio/fs/WindowsException'> (0x00000000ebe23bd0) thrown at [C:\src\AOSP-openjdk-git\hotspot\src\share\vm\prims\jni.cpp, line 710]
Event: 825.550 Thread 0x000000001e430800 Exception <a 'sun/nio/fs/WindowsException'> (0x00000000ec422860) thrown at [C:\src\AOSP-openjdk-git\hotspot\src\share\vm\prims\jni.cpp, line 710]

Events (10 events):
Event: 885.898 Thread 0x0000000020a16000 Thread added: 0x0000000020a16000
Event: 885.898 Thread 0x0000000020a13800 Thread added: 0x0000000020a13800
Event: 885.899 Thread 0x0000000020a14800 Thread added: 0x0000000020a14800
Event: 885.899 Thread 0x0000000020a17800 Thread added: 0x0000000020a17800
Event: 885.899 Executing VM operation: RevokeBias
Event: 885.899 Executing VM operation: RevokeBias done
Event: 885.943 Thread 0x0000000020a15000 Thread added: 0x0000000020a15000
Event: 885.980 Thread 0x0000000020a16800 Thread added: 0x0000000020a16800
Event: 886.073 Thread 0x000000001a97a800 DEOPT PACKING pc=0x0000000004e07ee8 sp=0x000000001cd0b6f0
Event: 886.073 Thread 0x000000001a97a800 DEOPT UNPACKING pc=0x00000000034975d0 sp=0x000000001cd0b558 mode 0


Dynamic libraries:
0x00007ff7198e0000 - 0x00007ff719911000 	C:\Program Files\Android\Android Studio\jre\bin\java.exe
0x00007ffffeca0000 - 0x00007ffffee90000 	C:\windows\SYSTEM32\ntdll.dll
0x00007ffffcf50000 - 0x00007ffffd002000 	C:\windows\System32\KERNEL32.DLL
0x00007ffffc920000 - 0x00007ffffcbc4000 	C:\windows\System32\KERNELBASE.dll
0x00007ffffe050000 - 0x00007ffffe0f3000 	C:\windows\System32\ADVAPI32.dll
0x00007ffffceb0000 - 0x00007ffffcf4e000 	C:\windows\System32\msvcrt.dll
0x00007ffffda30000 - 0x00007ffffdac7000 	C:\windows\System32\sechost.dll
0x00007ffffe7c0000 - 0x00007ffffe8e0000 	C:\windows\System32\RPCRT4.dll
0x00007ffffea30000 - 0x00007ffffebc4000 	C:\windows\System32\USER32.dll
0x00007ffffc8a0000 - 0x00007ffffc8c1000 	C:\windows\System32\win32u.dll
0x00007ffffd8c0000 - 0x00007ffffd8e6000 	C:\windows\System32\GDI32.dll
0x00007ffffc700000 - 0x00007ffffc895000 	C:\windows\System32\gdi32full.dll
0x00007ffffc540000 - 0x00007ffffc5de000 	C:\windows\System32\msvcp_win.dll
0x00007ffffc600000 - 0x00007ffffc6fa000 	C:\windows\System32\ucrtbase.dll
0x00007fffe89a0000 - 0x00007fffe8c24000 	C:\windows\WinSxS\amd64_microsoft.windows.common-controls_6595b64144ccf1df_6.0.18362.900_none_e6beb9d913147d17\COMCTL32.dll
0x00007ffffdb80000 - 0x00007ffffdeb5000 	C:\windows\System32\combase.dll
0x00007ffffbc30000 - 0x00007ffffbcb0000 	C:\windows\System32\bcryptPrimitives.dll
0x00007ffffe790000 - 0x00007ffffe7be000 	C:\windows\System32\IMM32.DLL
0x0000000068710000 - 0x00000000687e2000 	C:\Program Files\Android\Android Studio\jre\jre\bin\msvcr100.dll
0x0000000067c40000 - 0x000000006848b000 	C:\Program Files\Android\Android Studio\jre\jre\bin\server\jvm.dll
0x00007ffffebd0000 - 0x00007ffffebd8000 	C:\windows\System32\PSAPI.DLL
0x00007ffff6020000 - 0x00007ffff6044000 	C:\windows\SYSTEM32\WINMM.dll
0x00007ffff0810000 - 0x00007ffff0819000 	C:\windows\SYSTEM32\WSOCK32.dll
0x00007ffff08a0000 - 0x00007ffff08aa000 	C:\windows\SYSTEM32\VERSION.dll
0x00007ffffd9c0000 - 0x00007ffffda2f000 	C:\windows\System32\WS2_32.dll
0x00007ffff5fc0000 - 0x00007ffff5fed000 	C:\windows\SYSTEM32\winmmbase.dll
0x00007ffffc8d0000 - 0x00007ffffc91a000 	C:\windows\System32\cfgmgr32.dll
0x00007fffed160000 - 0x00007fffed16f000 	C:\Program Files\Android\Android Studio\jre\jre\bin\verify.dll
0x00007fffe2cb0000 - 0x00007fffe2cd9000 	C:\Program Files\Android\Android Studio\jre\jre\bin\java.dll
0x00007fffe92d0000 - 0x00007fffe92e6000 	C:\Program Files\Android\Android Studio\jre\jre\bin\zip.dll
0x00007ffffd020000 - 0x00007ffffd706000 	C:\windows\System32\SHELL32.dll
0x00007ffffdad0000 - 0x00007ffffdb79000 	C:\windows\System32\shcore.dll
0x00007ffffbdc0000 - 0x00007ffffc540000 	C:\windows\System32\windows.storage.dll
0x00007ffffbc00000 - 0x00007ffffbc23000 	C:\windows\System32\profapi.dll
0x00007ffffbb70000 - 0x00007ffffbbba000 	C:\windows\System32\powrprof.dll
0x00007ffffbb60000 - 0x00007ffffbb70000 	C:\windows\System32\UMPDC.dll
0x00007ffffe570000 - 0x00007ffffe5c2000 	C:\windows\System32\shlwapi.dll
0x00007ffffbbe0000 - 0x00007ffffbbf1000 	C:\windows\System32\kernel.appcore.dll
0x00007ffffc5e0000 - 0x00007ffffc5f7000 	C:\windows\System32\cryptsp.dll
0x00007fffe8eb0000 - 0x00007fffe8eca000 	C:\Program Files\Android\Android Studio\jre\jre\bin\net.dll
0x00007ffffb3d0000 - 0x00007ffffb437000 	C:\windows\system32\mswsock.dll
0x00007fffe6ba0000 - 0x00007fffe6bb3000 	C:\Program Files\Android\Android Studio\jre\jre\bin\nio.dll
0x00007fffc35e0000 - 0x00007fffc3606000 	C:\Users\Youngho Lee\.gradle\native\31\windows-amd64\native-platform.dll
0x00007fffea180000 - 0x00007fffea18d000 	C:\Program Files\Android\Android Studio\jre\jre\bin\management.dll
0x00007ffffaee0000 - 0x00007ffffaf13000 	C:\windows\system32\rsaenh.dll
0x00007ffffcbd0000 - 0x00007ffffcbf6000 	C:\windows\System32\bcrypt.dll
0x00007ffffba80000 - 0x00007ffffbaa5000 	C:\windows\SYSTEM32\USERENV.dll
0x00007ffffb5a0000 - 0x00007ffffb5ac000 	C:\windows\SYSTEM32\CRYPTBASE.dll
0x00007ffffb0e0000 - 0x00007ffffb11a000 	C:\windows\SYSTEM32\IPHLPAPI.DLL
0x00007ffffd010000 - 0x00007ffffd018000 	C:\windows\System32\NSI.dll
0x00007fffe9dd0000 - 0x00007fffe9de6000 	C:\windows\SYSTEM32\dhcpcsvc6.DLL
0x00007fffe9e10000 - 0x00007fffe9e2c000 	C:\windows\SYSTEM32\dhcpcsvc.DLL
0x00007ffffb120000 - 0x00007ffffb1eb000 	C:\windows\SYSTEM32\DNSAPI.dll
0x00007ffffa410000 - 0x00007ffffa604000 	C:\windows\SYSTEM32\dbghelp.dll

VM Arguments:
jvm_args: -Xmx1536m -Dfile.encoding=x-windows-949 -Duser.country=KR -Duser.language=ko -Duser.variant 
java_command: org.gradle.launcher.daemon.bootstrap.GradleDaemon 6.1.1
java_class_path (initial): C:\Users\Youngho Lee\.gradle\wrapper\dists\gradle-6.1.1-all\cfmwm155h49vnt3hynmlrsdst\gradle-6.1.1\lib\gradle-launcher-6.1.1.jar
Launcher Type: SUN_STANDARD

Environment Variables:
PATH=C:\windows\system32;C:\windows;C:\windows\System32\Wbem;C:\windows\System32\WindowsPowerShell\v1.0\;C:\windows\System32\OpenSSH\;C:\Program Files\Git\cmd;C:\Users\Youngho Lee\AppData\Local\Programs\Python\Python38-32\Scripts\;C:\Users\Youngho Lee\AppData\Local\Programs\Python\Python38-32\;C:\Users\Youngho Lee\AppData\Local\Microsoft\WindowsApps;C:\Users\Youngho Lee\AppData\Local\Programs\Microsoft VS Code\bin;
USERNAME=Youngho Lee
OS=Windows_NT
PROCESSOR_IDENTIFIER=Intel64 Family 6 Model 126 Stepping 5, GenuineIntel



---------------  S Y S T E M  ---------------

OS: Windows 10.0 , 64 bit Build 18362 (10.0.18362.900)

CPU:total 8 (initial active 8) (4 cores per cpu, 2 threads per core) family 6 model 126 stepping 5, cmov, cx8, fxsr, mmx, sse, sse2, sse3, ssse3, sse4.1, sse4.2, popcnt, avx, avx2, aes, clmul, erms, 3dnowpref, lzcnt, ht, tsc, tscinvbit, bmi1, bmi2, adx

Memory: 4k page, physical 16533460k(5966876k free), swap 19023828k(7096092k free)

vm_info: OpenJDK 64-Bit Server VM (25.242-b01) for windows-amd64 JRE (1.8.0_242-release-1644-b01), built by "builder" with MS VC++ 10.0 (VS2010)

time: Fri Jun 26 22:50:20 2020
timezone: 대한민국 표준시
elapsed time: 886 seconds (0d 0h 14m 46s)

